<?xml version="1.0" encoding="UTF-8"?>
<!-- Generated by org.testng.reporters.JUnitReportReporter -->
<testsuite hostname="DESKTOP-APLM1O2" failures="0" tests="1" name="petsitcare_User_TestCases.TC_11_mydoglist" time="53.143" errors="0" timestamp="2025-05-16T10:36:45 IST" skipped="0">
  <testcase classname="petsitcare_User_TestCases.TC_11_mydoglist" name="validLoginTest" time="53.143"/>
</testsuite> <!-- petsitcare_User_TestCases.TC_11_mydoglist -->
