<?xml version="1.0" encoding="UTF-8"?>
<!-- Generated by org.testng.reporters.JUnitReportReporter -->
<testsuite hostname="DESKTOP-ERTMBQN" failures="0" tests="1" name="petsitcare_Admin_TestCases.ManageSubscriberTestCase" time="98.433" errors="0" timestamp="2025-04-28T12:03:02 IST" skipped="0">
  <testcase classname="petsitcare_Admin_TestCases.ManageSubscriberTestCase" name="testSubscribersActions" time="98.433"/>
</testsuite> <!-- petsitcare_Admin_TestCases.ManageSubscriberTestCase -->
