<?xml version="1.0" encoding="UTF-8"?>
<!-- Generated by org.testng.reporters.JUnitReportReporter -->
<testsuite hostname="Srikanth" failures="0" tests="1" name="petsitcare_User_TestCases.Login_TC_01" time="3.213" errors="0" timestamp="2025-05-15T16:21:21 IST" skipped="0">
  <testcase classname="petsitcare_User_TestCases.Login_TC_01" name="Login" time="3.213"/>
</testsuite> <!-- petsitcare_User_TestCases.Login_TC_01 -->
