<?xml version="1.0" encoding="UTF-8"?>
<!-- Generated by org.testng.reporters.JUnitReportReporter -->
<<<<<<< HEAD
<testsuite hostname="DESKTOP-APLM1O2" failures="0" tests="1" name="petsitcare_Admin_TestCases.dashboars_testcases" time="84.420" errors="0" timestamp="2025-05-14T17:12:18 IST" skipped="0">
  <testcase classname="petsitcare_Admin_TestCases.dashboars_testcases" name="dashboard" time="84.420"/>
=======
<testsuite hostname="DESKTOP-9LRPA4A" failures="0" tests="1" name="petsitcare_Admin_TestCases.dashboars_testcases" time="85.238" errors="0" timestamp="2025-05-13T15:15:27 IST" skipped="0">
  <testcase classname="petsitcare_Admin_TestCases.dashboars_testcases" name="dashboard" time="85.238"/>
>>>>>>> main
</testsuite> <!-- petsitcare_Admin_TestCases.dashboars_testcases -->
