<?xml version="1.0" encoding="UTF-8"?>
<!-- Generated by org.testng.reporters.JUnitReportReporter -->
<testsuite hostname="DESKTOP-APLM1O2" failures="0" tests="1" name="petsitcare_Admin_TestCases.Managesubscriber_TC_17" time="219.109" errors="0" timestamp="2025-05-16T11:59:32 IST" skipped="0">
  <testcase classname="petsitcare_Admin_TestCases.Managesubscriber_TC_17" name="testSubscribersActions" time="219.109"/>
</testsuite> <!-- petsitcare_Admin_TestCases.Managesubscriber_TC_17 -->
