<?xml version="1.0" encoding="UTF-8"?>
<!-- Generated by org.testng.reporters.JUnitReportReporter -->
<<<<<<< HEAD
<testsuite hostname="DESKTOP-9LRPA4A" failures="0" tests="1" name="petsitcare_User_TestCases.Login_TC_01" time="3.298" errors="0" timestamp="2025-05-08T12:39:30 IST" skipped="0">
  <testcase classname="petsitcare_User_TestCases.Login_TC_01" name="myservice" time="3.298"/>
=======
<testsuite hostname="DESKTOP-APLM1O2" failures="0" tests="1" name="petsitcare_User_TestCases.Login_TC_01" time="3.305" errors="0" timestamp="2025-04-29T16:12:52 IST" skipped="0">
  <testcase classname="petsitcare_User_TestCases.Login_TC_01" name="Login" time="3.305"/>
>>>>>>> 666e916d24cf633b10a4e881612622bcc4854a20
</testsuite> <!-- petsitcare_User_TestCases.Login_TC_01 -->
