<?xml version="1.0" encoding="UTF-8"?>
<!-- Generated by org.testng.reporters.JUnitReportReporter -->
<testsuite hostname="DESKTOP-APLM1O2" failures="0" tests="1" name="petsitcare_Admin_TestCases.login" time="32.638" errors="0" timestamp="2025-04-24T11:20:15 IST" skipped="0">
  <testcase classname="petsitcare_Admin_TestCases.login" name="login1" time="32.638"/>
</testsuite> <!-- petsitcare_Admin_TestCases.login -->
