<?xml version="1.0" encoding="UTF-8"?>
<!-- Generated by org.testng.reporters.JUnitReportReporter -->
<testsuite hostname="DESKTOP-APLM1O2" failures="0" tests="1" name="petsitcare_Admin_TestCases.coomon_menu" time="187.541" errors="0" timestamp="2025-05-15T10:14:10 IST" skipped="0">
  <testcase classname="petsitcare_Admin_TestCases.coomon_menu" name="commonmenu_content" time="187.541"/>
</testsuite> <!-- petsitcare_Admin_TestCases.coomon_menu -->
