<?xml version="1.0" encoding="UTF-8"?>
<!-- Generated by org.testng.reporters.JUnitReportReporter -->
<testsuite hostname="DESKTOP-QQU6EQU" failures="0" tests="1" name="petsitcare_Admin_TestCases.TC_01Login" time="3.425" errors="0" timestamp="2025-04-14T10:51:16 IST" skipped="0">
  <testcase classname="petsitcare_Admin_TestCases.TC_01Login" name="Login" time="3.425"/>
</testsuite> <!-- petsitcare_Admin_TestCases.TC_01Login -->
