<?xml version="1.0" encoding="UTF-8"?>
<!-- Generated by org.testng.reporters.JUnitReportReporter -->
<testsuite hostname="DESKTOP-APLM1O2" failures="0" tests="1" name="petsitcare_User_TestCases.TC_15_notifications" time="362.625" errors="0" timestamp="2025-05-16T11:59:32 IST" skipped="0">
  <testcase classname="petsitcare_User_TestCases.TC_15_notifications" name="validLoginTest" time="362.625"/>
</testsuite> <!-- petsitcare_User_TestCases.TC_15_notifications -->
