<?xml version="1.0" encoding="UTF-8"?>
<!-- Generated by org.testng.reporters.JUnitReportReporter -->
<testsuite hostname="DESKTOP-9LRPA4A" failures="0" tests="1" name="petsitcare_User_TestCases.Login_TC_01" time="1.674" errors="0" timestamp="2025-05-12T12:25:48 IST" skipped="0">
  <testcase classname="petsitcare_User_TestCases.Login_TC_01" name="validLoginTest" time="1.674"/>
</testsuite> <!-- petsitcare_User_TestCases.Login_TC_01 -->
