<?xml version="1.0" encoding="UTF-8"?>
<!-- Generated by org.testng.reporters.JUnitReportReporter -->
<testsuite hostname="DESKTOP-9LRPA4A" failures="0" tests="1" name="petsitcare_Admin_TestCases.Managesubscriber" time="64.877" errors="0" timestamp="2025-05-12T12:25:48 IST" skipped="0">
  <testcase classname="petsitcare_Admin_TestCases.Managesubscriber" name="testSubscribersActions" time="64.877"/>
</testsuite> <!-- petsitcare_Admin_TestCases.Managesubscriber -->
