<?xml version="1.0" encoding="UTF-8"?>
<!-- Generated by org.testng.reporters.JUnitReportReporter -->
<testsuite hostname="DESKTOP-QQU6EQU" failures="0" tests="1" name="petsitcare_User_TestCases.TC_01Login" time="12.876" errors="0" timestamp="2025-04-16T11:21:33 IST" skipped="0">
  <testcase classname="petsitcare_User_TestCases.TC_01Login" name="Login" time="12.876"/>
</testsuite> <!-- petsitcare_User_TestCases.TC_01Login -->
