<?xml version="1.0" encoding="UTF-8"?>
<!-- Generated by org.testng.reporters.JUnitReportReporter -->
<testsuite hostname="Srikanth" failures="0" tests="1" name="petsitcare_User_TestCases.TC_15_notifications" time="363.943" errors="0" timestamp="2025-05-19T15:17:55 IST" skipped="0">
  <testcase classname="petsitcare_User_TestCases.TC_15_notifications" name="validLoginTest" time="363.943"/>
</testsuite> <!-- petsitcare_User_TestCases.TC_15_notifications -->
