<?xml version="1.0" encoding="UTF-8"?>
<!-- Generated by org.testng.reporters.JUnitReportReporter -->
<testsuite hostname="DESKTOP-9LRPA4A" failures="0" tests="1" name="petsitcare_Admin_TestCases.login" time="33.808" errors="0" timestamp="2025-05-13T15:15:27 IST" skipped="0">
  <testcase classname="petsitcare_Admin_TestCases.login" name="login1" time="33.808"/>
</testsuite> <!-- petsitcare_Admin_TestCases.login -->
