<?xml version="1.0" encoding="UTF-8"?>
<!-- Generated by org.testng.reporters.JUnitReportReporter -->
<testsuite hostname="DESKTOP-9LRPA4A" failures="0" tests="1" name="base.Baseclass" time="4.555" errors="0" timestamp="2025-04-05T17:48:30 IST" skipped="0">
  <testcase classname="base.Baseclass" name="login" time="4.555"/>
</testsuite> <!-- base.Baseclass -->
