<?xml version="1.0" encoding="UTF-8"?>
<!-- Generated by org.testng.reporters.JUnitReportReporter -->
<testsuite hostname="DESKTOP-APLM1O2" failures="0" tests="1" name="petsitcare_Admin_TestCases.coomonmenu_content_TC_03" time="198.422" errors="0" timestamp="2025-05-16T10:36:45 IST" skipped="0">
  <testcase classname="petsitcare_Admin_TestCases.coomonmenu_content_TC_03" name="commonmenu_content" time="198.422"/>
</testsuite> <!-- petsitcare_Admin_TestCases.coomonmenu_content_TC_03 -->
