<?xml version="1.0" encoding="UTF-8"?>
<!-- Generated by org.testng.reporters.JUnitReportReporter -->
<testsuite hostname="DESKTOP-9LRPA4A" failures="0" tests="1" name="petsitcare_User_TestCases.TC_11_mydoglist" time="54.031" errors="0" timestamp="2025-05-13T15:15:27 IST" skipped="0">
  <testcase classname="petsitcare_User_TestCases.TC_11_mydoglist" name="validLoginTest" time="54.031"/>
</testsuite> <!-- petsitcare_User_TestCases.TC_11_mydoglist -->
