<?xml version="1.0" encoding="UTF-8"?>
<!-- Generated by org.testng.reporters.JUnitReportReporter -->
<testsuite hostname="DESKTOP-ERTMBQN" failures="0" tests="1" name="petsitcare_Admin_TestCases.Managesubscriber" time="143.463" errors="0" timestamp="2025-05-15T12:48:27 IST" skipped="0">
  <testcase classname="petsitcare_Admin_TestCases.Managesubscriber" name="testSubscribersActions" time="143.463"/>
</testsuite> <!-- petsitcare_Admin_TestCases.Managesubscriber -->
