<?xml version="1.0" encoding="UTF-8"?>
<!-- Generated by org.testng.reporters.JUnitReportReporter -->
<testsuite hostname="DESKTOP-9LRPA4A" failures="0" tests="1" name="petsitcare_User_TestCases.TC_10_myservice" time="48.526" errors="0" timestamp="2025-04-09T13:48:09 IST" skipped="0">
  <testcase classname="petsitcare_User_TestCases.TC_10_myservice" name="myservice" time="48.526"/>
</testsuite> <!-- petsitcare_User_TestCases.TC_10_myservice -->
