<?xml version="1.0" encoding="UTF-8"?>
<!-- Generated by org.testng.reporters.JUnitReportReporter -->
<testsuite hostname="DESKTOP-9LRPA4A" failures="0" tests="1" name="petsitcare_User_TestCases.Login_TC_01" time="2.186" errors="0" timestamp="2025-05-13T15:15:27 IST" skipped="0">
  <testcase classname="petsitcare_User_TestCases.Login_TC_01" name="validLoginTest" time="2.186"/>
</testsuite> <!-- petsitcare_User_TestCases.Login_TC_01 -->
