<?xml version="1.0" encoding="UTF-8"?>
<!-- Generated by org.testng.reporters.JUnitReportReporter -->
<testsuite hostname="DESKTOP-APLM1O2" failures="0" tests="1" name="petsitcare_Admin_TestCases.dashboars_testcases" time="90.094" errors="0" timestamp="2025-04-29T16:12:51 IST" skipped="0">
  <testcase classname="petsitcare_Admin_TestCases.dashboars_testcases" name="dashboard" time="90.094"/>
</testsuite> <!-- petsitcare_Admin_TestCases.dashboars_testcases -->
