<?xml version="1.0" encoding="UTF-8"?>
<!-- Generated by org.testng.reporters.JUnitReportReporter -->
<testsuite hostname="DESKTOP-APLM1O2" failures="0" tests="1" name="petsitcare_User_TestCases.TC_10_myservice" time="121.134" errors="0" timestamp="2025-05-16T10:36:45 IST" skipped="0">
  <testcase classname="petsitcare_User_TestCases.TC_10_myservice" name="validLoginTest" time="121.134"/>
</testsuite> <!-- petsitcare_User_TestCases.TC_10_myservice -->
