<?xml version="1.0" encoding="UTF-8"?>
<!-- Generated by org.testng.reporters.JUnitReportReporter -->
<testsuite hostname="DESKTOP-9LRPA4A" failures="0" tests="1" name="petsitcare_Admin_TestCases.dashboars_testcases" time="87.042" errors="0" timestamp="2025-05-12T12:25:48 IST" skipped="0">
  <testcase classname="petsitcare_Admin_TestCases.dashboars_testcases" name="dashboard" time="87.042"/>
</testsuite> <!-- petsitcare_Admin_TestCases.dashboars_testcases -->
