<?xml version="1.0" encoding="UTF-8"?>
<!-- Generated by org.testng.reporters.JUnitReportReporter -->
<testsuite hostname="DESKTOP-APLM1O2" failures="0" tests="1" name="petsitcare_Admin_TestCases.login" time="26.743" errors="0" timestamp="2025-04-10T10:31:56 IST" skipped="0">
  <testcase classname="petsitcare_Admin_TestCases.login" name="login1" time="26.743"/>
</testsuite> <!-- petsitcare_Admin_TestCases.login -->
