<?xml version="1.0" encoding="UTF-8"?>
<!-- Generated by org.testng.reporters.JUnitReportReporter -->
<testsuite hostname="Srikanth" failures="0" tests="1" name="petsitcare_User_TestCases.EditProfile_TC_02" time="34.210" errors="0" timestamp="2025-05-14T17:32:26 IST" skipped="0">
  <testcase classname="petsitcare_User_TestCases.EditProfile_TC_02" name="editprofile" time="34.210"/>
</testsuite> <!-- petsitcare_User_TestCases.EditProfile_TC_02 -->
