<?xml version="1.0" encoding="UTF-8"?>
<!-- Generated by org.testng.reporters.JUnitReportReporter -->
<testsuite hostname="DESKTOP-9LRPA4A" failures="0" tests="1" name="petsitcare_User_TestCases.TC_13_servicerequest" time="73.123" errors="0" timestamp="2025-05-12T12:25:48 IST" skipped="0">
  <testcase classname="petsitcare_User_TestCases.TC_13_servicerequest" name="validLoginTest" time="73.123"/>
</testsuite> <!-- petsitcare_User_TestCases.TC_13_servicerequest -->
