<?xml version="1.0" encoding="UTF-8"?>
<!-- Generated by org.testng.reporters.JUnitReportReporter -->
<testsuite hostname="DESKTOP-9LRPA4A" failures="0" tests="1" name="petsitcare_User_TestCases.TC_15_notifications" time="42.215" errors="0" timestamp="2025-05-13T15:15:27 IST" skipped="0">
  <testcase classname="petsitcare_User_TestCases.TC_15_notifications" name="validLoginTest" time="42.215"/>
</testsuite> <!-- petsitcare_User_TestCases.TC_15_notifications -->
