<?xml version="1.0" encoding="UTF-8"?>
<!-- Generated by org.testng.reporters.JUnitReportReporter -->
<testsuite hostname="DESKTOP-9LRPA4A" failures="0" tests="1" name="petsitcare_User_TestCases.TC_12_wallet" time="22.404" errors="0" timestamp="2025-05-08T12:39:30 IST" skipped="0">
  <testcase classname="petsitcare_User_TestCases.TC_12_wallet" name="myservice" time="22.404"/>
</testsuite> <!-- petsitcare_User_TestCases.TC_12_wallet -->
