<?xml version="1.0" encoding="UTF-8"?>
<!-- Generated by org.testng.reporters.JUnitReportReporter -->
<testsuite hostname="Srikanth" failures="0" tests="1" name="petsitcare_Admin_TestCases.Managesubscriber_TC_17" time="213.617" errors="0" timestamp="2025-05-19T15:17:55 IST" skipped="0">
  <testcase classname="petsitcare_Admin_TestCases.Managesubscriber_TC_17" name="testSubscribersActions" time="213.617"/>
</testsuite> <!-- petsitcare_Admin_TestCases.Managesubscriber_TC_17 -->
