<?xml version="1.0" encoding="UTF-8"?>
<!-- Generated by org.testng.reporters.JUnitReportReporter -->
<testsuite hostname="Srikanth" failures="0" tests="1" name="petsitcare_User_TestCases.EditProfile_TC_08" time="31.423" errors="0" timestamp="2025-05-16T12:35:11 IST" skipped="0">
  <testcase classname="petsitcare_User_TestCases.EditProfile_TC_08" name="editprofile" time="31.423"/>
</testsuite> <!-- petsitcare_User_TestCases.EditProfile_TC_08 -->
