<?xml version="1.0" encoding="UTF-8"?>
<!-- Generated by org.testng.reporters.JUnitReportReporter -->
<testsuite hostname="DESKTOP-I9RL5TD" failures="0" tests="1" name="petsitcare_Admin_TestCases.Managesubscriber_TC_17" time="217.523" errors="0" timestamp="2025-05-21T17:52:55 IST" skipped="0">
  <testcase classname="petsitcare_Admin_TestCases.Managesubscriber_TC_17" name="testSubscribersActions" time="217.523"/>
</testsuite> <!-- petsitcare_Admin_TestCases.Managesubscriber_TC_17 -->
