<?xml version="1.0" encoding="UTF-8"?>
<!-- Generated by org.testng.reporters.JUnitReportReporter -->
<testsuite hostname="DESKTOP-APLM1O2" failures="0" tests="1" name="petsitcare_Admin_TestCases.dashboars_testcases" time="84.420" errors="0" timestamp="2025-05-14T17:12:18 IST" skipped="0">
  <testcase classname="petsitcare_Admin_TestCases.dashboars_testcases" name="dashboard" time="84.420"/>
</testsuite> <!-- petsitcare_Admin_TestCases.dashboars_testcases -->
